build/app/outputs/mapping/release/mapping.txt
# compiler: R8
# compiler_version: 1.5.64
# min_api: 16
# pg_map_id: 81e0de0
com.example.ecommerce.MainActivity -> com.example.ecommerce.MainActivity:
    void configureFlutterEngine(io.flutter.embedding.engine.FlutterEngine) -> b
...
com.google.android.gms.internal.firebase_auth.zzde -> b.b.a.a.e.d.n1:
com.google.android.gms.internal.firebase_auth.zzdg -> b.b.a.a.e.d.o1:
com.google.android.gms.internal.firebase_auth.zzdh -> b.b.a.a.e.d.p1:
    java.lang.String zza -> a
com.google.android.gms.internal.firebase_auth.zzdj -> b.b.a.a.e.d.q1:
    com.google.android.gms.internal.firebase_auth.zzfy zza -> a
    com.google.android.gms.internal.firebase_auth.zzfy zza() -> r
com.google.android.gms.internal.firebase_auth.zzdk -> b.b.a.a.e.d.r1:
com.google.android.gms.internal.firebase_auth.zzdl -> b.b.a.a.e.d.s1:
    java.lang.String zza -> a
    java.lang.String zzb -> b
    java.lang.String zza() -> r
com.google.android.gms.internal.firebase_auth.zzdm -> b.b.a.a.e.d.t1:
com.google.android.gms.internal.firebase_auth.zzdn -> b.b.a.a.e.d.u1:
    java.lang.String zza -> a
    java.lang.String zzc -> c
    java.lang.String zzb -> b
    java.lang.String zza() -> r
    java.lang.String zzb() -> z
com.google.android.gms.internal.firebase_auth.zzdo -> b.b.a.a.e.d.v1:
com.google.android.gms.internal.firebase_auth.zzdp -> b.b.a.a.e.d.w1:
    com.google.firebase.auth.EmailAuthCredential zza -> a
    com.google.firebase.auth.EmailAuthCredential zza() -> r
com.google.android.gms.internal.firebase_auth.zzdq -> b.b.a.a.e.d.x1:
com.google.android.gms.internal.firebase_auth.zzdr -> b.b.a.a.e.d.y1:
    com.google.firebase.auth.PhoneAuthCredential zza -> a
    java.lang.String zzb -> b
    com.google.firebase.auth.PhoneAuthCredential zza() -> r
com.google.android.gms.internal.firebase_auth.zzds -> b.b.a.a.e.d.z1:
com.google.android.gms.internal.firebase_auth.zzdu -> b.b.a.a.e.d.a2:
com.google.android.gms.internal.firebase_auth.zzdz -> b.b.a.a.e.d.b2:
    java.lang.String zza -> a
com.google.android.gms.internal.firebase_auth.zze -> b.b.a.a.e.d.c2:
    com.google.android.gms.common.Feature zzd -> c
    com.google.android.gms.common.Feature zza -> b
    com.google.android.gms.common.Feature zzc -> a
    com.google.android.gms.common.Feature[] zzb -> d
com.google.android.gms.internal.firebase_auth.zzeb -> b.b.a.a.e.d.d2:
    java.lang.String zza -> a
    java.lang.String zzb -> b
com.google.android.gms.internal.firebase_auth.zzec -> b.b.a.a.e.d.e2:
com.google.android.gms.internal.firebase_auth.zzed -> b.b.a.a.e.d.f2:
    com.google.firebase.auth.UserProfileChangeRequest zza -> a
    java.lang.String zzb -> b
com.google.android.gms.internal.firebase_auth.zzee -> b.b.a.a.e.d.g2:
com.google.android.gms.internal.firebase_auth.zzeg -> b.b.a.a.e.d.h2:
com.google.android.gms.internal.firebase_auth.zzeh -> b.b.a.a.e.d.i2:
    com.google.android.gms.common.api.Status zza -> a
    java.lang.String zzc -> c
    com.google.firebase.auth.zzg zzb -> b
    java.lang.String zzd -> d
    java.lang.String zzc() -> A
    java.lang.String zzd() -> B
    com.google.android.gms.common.api.Status zza() -> r
    com.google.firebase.auth.zzg zzb() -> z
com.google.android.gms.internal.firebase_auth.zzej -> b.b.a.a.e.d.j2:
    java.util.List zzb -> b
    java.lang.String zza -> a
    com.google.firebase.auth.zzg zzc -> c
    java.util.List zzc() -> A
    java.lang.String zza() -> r
    com.google.firebase.auth.zzg zzb() -> z
com.google.android.gms.internal.firebase_auth.zzek -> b.b.a.a.e.d.k2:
com.google.android.gms.internal.firebase_auth.zzel -> b.b.a.a.e.d.l2:
com.google.android.gms.internal.firebase_auth.zzem -> b.b.a.a.e.d.m2:
    com.google.android.gms.internal.firebase_auth.zzfw zze -> e
    java.util.List zzf -> f
    java.lang.String zza -> a
    java.lang.String zzc -> c
    boolean zzb -> b
    boolean zzd -> d
    java.util.List zzb() -> r
com.google.android.gms.internal.firebase_auth.zzep -> b.b.a.a.e.d.n2: